<?xml version="1.0" encoding="UTF-8" ?>
<testsuite 
tests="0" name="org.scalatest.tools.DiscoverySuite" hostname="LON04-00902" failures="0" timestamp="2014-03-11T14:57:08" time="0.006" errors="0">
  <properties>
    <property name="java.runtime.name" value="Java(TM) SE Runtime Environment">
    </property>
    <property 
    name="sun.boot.library.path" value="C:\Program Files\Java\jre7\bin">
</property>
    <property name="java.vm.version" value="24.51-b03"> </property>
    <property name="java.vm.vendor" value="Oracle Corporation"> </property>
    <property name="java.vendor.url" value="http://java.oracle.com/">
    </property>
    <property name="path.separator" value=";"> </property>
    <property name="java.vm.name" value="Java HotSpot(TM) 64-Bit Server VM">
    </property>
    <property name="file.encoding.pkg" value="sun.io"> </property>
    <property name="user.script" value=""> </property>
    <property name="user.country" value="GB"> </property>
    <property name="sun.java.launcher" value="SUN_STANDARD"> </property>
    <property name="sun.os.patch.level" value="Service Pack 1"> </property>
    <property 
    name="java.vm.specification.name" value="Java Virtual Machine Specification">
</property>
    <property name="user.dir" value="C:\Users\aksuy\yavuzVedat\dashboard">
    </property>
    <property name="java.runtime.version" value="1.7.0_51-b13"> </property>
    <property 
    name="java.awt.graphicsenv" value="sun.awt.Win32GraphicsEnvironment">
</property>
    <property name="basedir" value="C:\Users\aksuy\yavuzVedat\dashboard">
    </property>
    <property 
    name="java.endorsed.dirs" value="C:\Program Files\Java\jre7\lib\endorsed">
</property>
    <property name="os.arch" value="amd64"> </property>
    <property name="java.io.tmpdir" value="C:\Users\aksuy\AppData\Local\Temp\">
    </property>
    <property name="line.separator" value=" "> </property>
    <property name="java.vm.specification.vendor" value="Oracle Corporation">
    </property>
    <property name="user.variant" value=""> </property>
    <property name="os.name" value="Windows 7"> </property>
    <property name="sun.jnu.encoding" value="Cp1252"> </property>
    <property 
    name="java.library.path" value="C:\Windows\system32;C:\Windows\Sun\Java\bin;C:\Windows\system32;C:\Windows;C:\Windows\system32;C:\Windows;C:\Windows\System32\Wbem;C:\Windows\System32\WindowsPowerShell\v1.0\;C:\Program Files (x86)\Internet Explorer;C:\Windows\system32;C:\Windows;C:\Windows\System32\Wbem;C:\Windows\System32\WindowsPowerShell\v1.0\;.">
</property>
    <property 
    name="java.specification.name" value="Java Platform API Specification">
</property>
    <property name="java.class.version" value="51.0"> </property>
    <property 
    name="sun.management.compiler" value="HotSpot 64-Bit Tiered Compilers">
</property>
    <property name="os.version" value="6.1"> </property>
    <property name="user.home" value="C:\Users\aksuy"> </property>
    <property name="user.timezone" value=""> </property>
    <property name="java.awt.printerjob" value="sun.awt.windows.WPrinterJob">
    </property>
    <property name="file.encoding" value="Cp1252"> </property>
    <property name="java.specification.version" value="1.7"> </property>
    <property name="user.name" value="aksuy"> </property>
    <property 
    name="java.class.path" value="C:\Users\aksuy\yavuzVedat\dashboard\target\test-classes;C:\Users\aksuy\yavuzVedat\dashboard\target\classes;C:\Users\aksuy\.m2\repository\com\sun\jersey\jersey-server\1.9\jersey-server-1.9.jar;C:\Users\aksuy\.m2\repository\asm\asm\3.1\asm-3.1.jar;C:\Users\aksuy\.m2\repository\com\sun\jersey\jersey-core\1.9\jersey-core-1.9.jar;C:\Users\aksuy\.m2\repository\org\apache\camel\camel-core\2.12.3\camel-core-2.12.3.jar;C:\Users\aksuy\.m2\repository\org\slf4j\slf4j-api\1.6.6\slf4j-api-1.6.6.jar;C:\Users\aksuy\.m2\repository\com\sun\xml\bind\jaxb-impl\2.2.6\jaxb-impl-2.2.6.jar;C:\Users\aksuy\.m2\repository\org\apache\camel\camel-spring\2.12.3\camel-spring-2.12.3.jar;C:\Users\aksuy\.m2\repository\org\springframework\spring-context\4.0.2.RELEASE\spring-context-4.0.2.RELEASE.jar;C:\Users\aksuy\.m2\repository\org\springframework\spring-expression\4.0.2.RELEASE\spring-expression-4.0.2.RELEASE.jar;C:\Users\aksuy\.m2\repository\org\springframework\spring-aop\4.0.2.RELEASE\spring-aop-4.0.2.RELEASE.jar;C:\Users\aksuy\.m2\repository\aopalliance\aopalliance\1.0\aopalliance-1.0.jar;C:\Users\aksuy\.m2\repository\org\springframework\spring-tx\4.0.2.RELEASE\spring-tx-4.0.2.RELEASE.jar;C:\Users\aksuy\.m2\repository\org\apache\camel\camel-servlet\2.12.3\camel-servlet-2.12.3.jar;C:\Users\aksuy\.m2\repository\org\apache\camel\camel-http\2.12.3\camel-http-2.12.3.jar;C:\Users\aksuy\.m2\repository\commons-httpclient\commons-httpclient\3.1\commons-httpclient-3.1.jar;C:\Users\aksuy\.m2\repository\commons-codec\commons-codec\1.9\commons-codec-1.9.jar;C:\Users\aksuy\.m2\repository\org\springframework\spring-web\4.0.2.RELEASE\spring-web-4.0.2.RELEASE.jar;C:\Users\aksuy\.m2\repository\org\springframework\spring-beans\4.0.2.RELEASE\spring-beans-4.0.2.RELEASE.jar;C:\Users\aksuy\.m2\repository\org\springframework\spring-core\4.0.2.RELEASE\spring-core-4.0.2.RELEASE.jar;C:\Users\aksuy\.m2\repository\commons-logging\commons-logging\1.1.3\commons-logging-1.1.3.jar;C:\Users\aksuy\.m2\repository\org\scala-lang\scala-library\2.9.2\scala-library-2.9.2.jar;C:\Users\aksuy\.m2\repository\org\scalatest\scalatest_2.9.2\2.0.M4\scalatest_2.9.2-2.0.M4.jar;C:\\Users\\aksuy\\.m2\\repository\\org\\jacoco\\org.jacoco.agent\\0.6.4.201312101107\\org.jacoco.agent-0.6.4.201312101107-runtime.jar">
</property>
    <property name="java.vm.specification.version" value="1.7"> </property>
    <property name="sun.arch.data.model" value="64"> </property>
    <property name="java.home" value="C:\Program Files\Java\jre7"> </property>
    <property 
    name="sun.java.command" value="org.scalatest.tools.Runner -p C:\Users\aksuy\yavuzVedat\dashboard\target\classes C:\Users\aksuy\yavuzVedat\dashboard\target\test-classes -oW -fWDF C:\Users\aksuy\yavuzVedat\dashboard\target\surefire-reports\TestSuite.txt -u C:\Users\aksuy\yavuzVedat\dashboard\target\surefire-reports\.">
</property>
    <property name="java.specification.vendor" value="Oracle Corporation">
    </property>
    <property name="user.language" value="en"> </property>
    <property name="awt.toolkit" value="sun.awt.windows.WToolkit"> </property>
    <property name="java.vm.info" value="mixed mode"> </property>
    <property name="java.version" value="1.7.0_51"> </property>
    <property name="env.name" value="aksuy"> </property>
    <property 
    name="java.ext.dirs" value="C:\Program Files\Java\jre7\lib\ext;C:\Windows\Sun\Java\lib\ext">
</property>
    <property 
    name="sun.boot.class.path" value="C:\Program Files\Java\jre7\lib\resources.jar;C:\Program Files\Java\jre7\lib\rt.jar;C:\Program Files\Java\jre7\lib\sunrsasign.jar;C:\Program Files\Java\jre7\lib\jsse.jar;C:\Program Files\Java\jre7\lib\jce.jar;C:\Program Files\Java\jre7\lib\charsets.jar;C:\Program Files\Java\jre7\lib\jfr.jar;C:\Program Files\Java\jre7\classes">
</property>
    <property name="java.vendor" value="Oracle Corporation"> </property>
    <property name="file.separator" value="\"> </property>
    <property 
    name="java.vendor.url.bug" value="http://bugreport.sun.com/bugreport/">
</property>
    <property name="sun.cpu.endian" value="little"> </property>
    <property name="sun.io.unicode.encoding" value="UnicodeLittle"> </property>
    <property name="sun.desktop" value="windows"> </property>
    <property name="sun.cpu.isalist" value="amd64"> </property>
  </properties>
  <system-out><![CDATA[]]></system-out>
  <system-err><![CDATA[]]></system-err>
</testsuite>
