<?xml version="1.0" encoding="UTF-8"?>
<!-- Generated by org.testng.reporters.JUnitReportReporter -->
<testsuite hostname="LON04-01840" name="com.xchanging.metricsdashboard.metricsdashboard.GetMetrics" tests="1" failures="0" timestamp="11 Mar 2014 09:20:56 GMT" time="5.673" errors="0">
  <testcase name="getProjects" time="5.673" classname="com.xchanging.metricsdashboard.metricsdashboard.GetMetrics"/>
</testsuite> <!-- com.xchanging.metricsdashboard.metricsdashboard.GetMetrics -->
