<?xml version="1.0" encoding="UTF-8"?>
<!-- Generated by org.testng.reporters.JUnitReportReporter -->
<testsuite hostname="LON04-01840" name="com.xchanging.metricsdashboard.metricsdashboard.GetTop10Projects" tests="1" failures="0" timestamp="10 Mar 2014 15:04:04 GMT" time="1.652" errors="0">
  <testcase name="getProjects" time="1.652" classname="com.xchanging.metricsdashboard.metricsdashboard.GetTop10Projects"/>
</testsuite> <!-- com.xchanging.metricsdashboard.metricsdashboard.GetTop10Projects -->
