<?xml version="1.0" encoding="UTF-8"?>
<!-- Generated by org.testng.reporters.JUnitReportReporter -->
<testsuite hostname="LON04-01840" name="com.monitise.metricsdashboard.metricsdashboard.GetUsers" tests="1" failures="0" timestamp="6 Mar 2014 13:42:15 GMT" time="1.375" errors="0">
  <testcase name="getUsers" time="1.375" classname="com.monitise.metricsdashboard.metricsdashboard.GetUsers"/>
</testsuite> <!-- com.monitise.metricsdashboard.metricsdashboard.GetUsers -->
