<?xml version="1.0" encoding="UTF-8"?>
<!-- Generated by org.testng.reporters.JUnitReportReporter -->
<testsuite hostname="LON04-01840" name="com.xchanging.metricsdashboard.metricsdashboard.GetAvgUsingJsonObject" tests="1" failures="0" timestamp="11 Mar 2014 11:25:15 GMT" time="1.536" errors="0">
  <testcase name="getProjects" time="1.536" classname="com.xchanging.metricsdashboard.metricsdashboard.GetAvgUsingJsonObject"/>
</testsuite> <!-- com.xchanging.metricsdashboard.metricsdashboard.GetAvgUsingJsonObject -->
