<?xml version="1.0" encoding="UTF-8"?>
<!-- Generated by org.testng.reporters.JUnitReportReporter -->
<testsuite hostname="LON04-01840" name="com.monitise.metricsdashboard.metricsdashboard.CamelTestXchanging" tests="1" failures="0" timestamp="6 Mar 2014 17:19:56 GMT" time="12.041" errors="0">
  <testcase name="test" time="12.041" classname="com.monitise.metricsdashboard.metricsdashboard.CamelTestXchanging"/>
</testsuite> <!-- com.monitise.metricsdashboard.metricsdashboard.CamelTestXchanging -->
