<?xml version="1.0" encoding="UTF-8"?>
<!-- Generated by org.testng.reporters.JUnitReportReporter -->
<testsuite hostname="LON04-01840" name="com.xchanging.metricsdashboard.metricsdashboard.GetProjectsCoverage" tests="1" failures="0" timestamp="7 Mar 2014 16:52:49 GMT" time="1.553" errors="0">
  <testcase name="getProjects" time="1.553" classname="com.xchanging.metricsdashboard.metricsdashboard.GetProjectsCoverage"/>
</testsuite> <!-- com.xchanging.metricsdashboard.metricsdashboard.GetProjectsCoverage -->
