<?xml version="1.0" encoding="UTF-8"?>
<!-- Generated by org.testng.reporters.JUnitReportReporter -->
<testsuite hostname="LON04-01840" name="com.xchanging.metricsdashboard.metricsdashboard.GetAllProjectsCoverage" tests="1" failures="0" timestamp="10 Mar 2014 17:03:40 GMT" time="2.056" errors="0">
  <testcase name="getProjects" time="2.056" classname="com.xchanging.metricsdashboard.metricsdashboard.GetAllProjectsCoverage"/>
</testsuite> <!-- com.xchanging.metricsdashboard.metricsdashboard.GetAllProjectsCoverage -->
